[2026-05-27T02:05:46.129Z] [log] layoutText called: {text: You're probably going to quit , font: Object, maxWidth: 504}
[2026-05-27T02:05:46.129Z] [log] layoutText called: {text: And that's okay. Most people d, font: Object, maxWidth: 504}
[2026-05-27T02:05:46.129Z] [log] layoutText called: {text: They go about changing their l, font: Object, maxWidth: 504}
[2026-05-27T02:05:46.132Z] [log] layoutText called: {text: Human nature is a bitch, and t, font: Object, maxWidth: 504}
[2026-05-27T02:05:46.132Z] [log] layoutText called: {text: You start to feel helpless, an, font: Object, maxWidth: 504}
[2026-05-27T02:05:46.132Z] [log] layoutText called: {text: You aren't where you want to b, font: Object, maxWidth: 504}
[2026-05-27T02:05:46.132Z] [log] layoutText called: {text: Changing your actions to make , font: Object, maxWidth: 504}
[2026-05-27T02:05:46.132Z] [log] layoutText called: {text: Changing who you are so that y, font: Object, maxWidth: 504}
[2026-05-27T02:05:46.132Z] [log] layoutText called: {text: Most people set a surface-leve, font: Object, maxWidth: 504}
[2026-05-27T02:05:46.132Z] [log] layoutText called: {text: If you want a specific outcome, font: Object, maxWidth: 504}
[2026-05-27T02:05:46.132Z] [log] layoutText called: {text: When you truly change yourself, font: Object, maxWidth: 504}
[2026-05-27T02:05:46.138Z] [log] layoutText called: {text: Trust only movement. Life happ, font: Object, maxWidth: 504}
[2026-05-27T02:05:46.138Z] [log] layoutText called: {text: Real change, at its core, is a, font: Object, maxWidth: 504}
[2026-05-27T02:05:46.138Z] [log] layoutText called: {text: You aren't where you want to b, font: Object, maxWidth: 504}
[2026-05-27T02:05:46.138Z] [log] layoutText called: {text: When your identity is threaten, font: Object, maxWidth: 504}
[2026-05-27T02:05:46.138Z] [log] layoutText called: {text: You set a goal → perceive real, font: Object, maxWidth: 504}
[2026-05-27T02:05:46.138Z] [log] layoutText called: {text: Describe the vague, lingering , font: Object, maxWidth: 504}
[2026-05-27T02:05:46.138Z] [log] layoutText called: {text: What do you complain about rep, font: Object, maxWidth: 504}
[2026-05-27T02:05:46.138Z] [log] layoutText called: {text: What truth about your current , font: Object, maxWidth: 504}
[2026-05-27T02:05:46.139Z] [log] layoutText called: {text: Describe an ordinary Tuesday 5, font: Object, maxWidth: 504}
[2026-05-27T02:05:46.140Z] [log] layoutText called: {text: If you could snap your fingers, font: Object, maxWidth: 504}
[2026-05-27T02:05:46.140Z] [log] layoutText called: {text: Am I walking toward the life I, font: Object, maxWidth: 504}
[2026-05-27T02:05:46.140Z] [log] layoutText called: {text: When today was I most alive? W, font: Object, maxWidth: 504}
[2026-05-27T02:05:46.140Z] [log] layoutText called: {text: One-sentence anti-vision: what, font: Object, maxWidth: 504}
[2026-05-27T02:05:46.140Z] [log] layoutText called: {text: One-sentence minimum viable vi, font: Object, maxWidth: 504}
[2026-05-27T02:05:46.140Z] [log] layoutText called: {text: 1-year goal → 1-month project , font: Object, maxWidth: 504}
[2026-05-27T02:05:46.140Z] [log] layoutText called: {text: Victory Condition → Vision, font: Object, maxWidth: 504}
[2026-05-27T02:05:46.141Z] [log] layoutText called: {text: Failure Penalty → Anti-Vision, font: Object, maxWidth: 504}
[2026-05-27T02:05:46.141Z] [log] layoutText called: {text: Main Quest → 1-Year Goal, font: Object, maxWidth: 504}
[2026-05-27T02:05:46.141Z] [log] layoutText called: {text: Boss Fight → 1-Month Project, font: Object, maxWidth: 504}
[2026-05-27T02:05:46.141Z] [log] layoutText called: {text: Daily Quests → Daily Leverage , font: Object, maxWidth: 504}
[2026-05-27T02:05:46.141Z] [log] layoutText called: {text: Game Rules → Non-Negotiable Co, font: Object, maxWidth: 504}
[2026-05-27T02:05:46.141Z] [log] layoutText called: {text: Goals are not endpoints — they, font: Object, maxWidth: 504}
[2026-05-27T02:05:46.141Z] [log] layoutText called: {text: The only real test of intellig, font: Object, maxWidth: 504}
